<?xml version="1.0" encoding="UTF-8"?>
<!-- Generated by org.testng.reporters.JUnitReportReporter -->
<testsuite hostname="DESKTOP-3OONJHS" failures="0" tests="4" name="localPortTest.LocalPortTest" time="11.291" errors="0" timestamp="2024-08-01T03:45:26 AST" skipped="0">
  <testcase classname="localPortTest.LocalPortTest" name="submitTest" time="1.023"/>
  <system-out/>
  <testcase classname="localPortTest.LocalPortTest" name="resetTest" time="0.573"/>
  <system-out/>
  <testcase classname="localPortTest.LocalPortTest" name="imageTest" time="6.509"/>
  <system-out/>
  <testcase classname="localPortTest.LocalPortTest" name="linksTest" time="3.186"/>
  <system-out/>
</testsuite> <!-- localPortTest.LocalPortTest -->
